<?xml version="1.0" encoding="UTF-8"?>
<!-- Generated by org.testng.reporters.JUnitXMLReporter -->
<testsuite hostname="SravanKumar-PC" failures="0" tests="4" name="Default test" time="68.243" errors="0" timestamp="25 Jun 2019 02:10:56 GMT">
  <testcase classname="TestNG.Ecommerce" name="Amazon" time="20.281"/>
  <testcase classname="TestNG.Ecommerce" name="Flipkart" time="5.677"/>
  <testcase classname="TestNG.Ecommerce" name="Paytm" time="2.73"/>
  <testcase classname="TestNG.Ecommerce" name="Snapdeal" time="8.535"/>
</testsuite> <!-- Default test -->
