<?xml version="1.0" encoding="UTF-8"?>
<testng-results total="4" passed="4" failed="0" skipped="0">
  <reporter-output>
  </reporter-output>
  <suite started-at="2019-06-25T02:09:48Z" name="Default suite" finished-at="2019-06-25T02:10:56Z" duration-ms="68243">
    <groups>
    </groups>
    <test started-at="2019-06-25T02:09:48Z" name="Default test" finished-at="2019-06-25T02:10:56Z" duration-ms="68243">
      <class name="TestNG.Ecommerce">
        <test-method is-config="true" signature="beforeMethod()[pri:0, instance:TestNG.Ecommerce@6c40365c]" started-at="2019-06-25T07:39:48Z" name="beforeMethod" finished-at="2019-06-25T07:40:04Z" duration-ms="16613" status="PASS">
          <reporter-output>
          </reporter-output>
        </test-method> <!-- beforeMethod -->
        <test-method signature="Amazon()[pri:0, instance:TestNG.Ecommerce@6c40365c]" started-at="2019-06-25T07:40:04Z" name="Amazon" finished-at="2019-06-25T07:40:24Z" duration-ms="20281" status="PASS">
          <reporter-output>
          </reporter-output>
        </test-method> <!-- Amazon -->
        <test-method is-config="true" signature="afterMethod()[pri:0, instance:TestNG.Ecommerce@6c40365c]" started-at="2019-06-25T07:40:24Z" name="afterMethod" finished-at="2019-06-25T07:40:25Z" duration-ms="740" status="PASS">
          <reporter-output>
          </reporter-output>
        </test-method> <!-- afterMethod -->
        <test-method is-config="true" signature="beforeMethod()[pri:0, instance:TestNG.Ecommerce@6c40365c]" started-at="2019-06-25T07:40:25Z" name="beforeMethod" finished-at="2019-06-25T07:40:29Z" duration-ms="3658" status="PASS">
          <reporter-output>
          </reporter-output>
        </test-method> <!-- beforeMethod -->
        <test-method signature="Flipkart()[pri:0, instance:TestNG.Ecommerce@6c40365c]" started-at="2019-06-25T07:40:29Z" name="Flipkart" finished-at="2019-06-25T07:40:35Z" duration-ms="5677" status="PASS">
          <reporter-output>
          </reporter-output>
        </test-method> <!-- Flipkart -->
        <test-method is-config="true" signature="afterMethod()[pri:0, instance:TestNG.Ecommerce@6c40365c]" started-at="2019-06-25T07:40:35Z" name="afterMethod" finished-at="2019-06-25T07:40:35Z" duration-ms="870" status="PASS">
          <reporter-output>
          </reporter-output>
        </test-method> <!-- afterMethod -->
        <test-method is-config="true" signature="beforeMethod()[pri:0, instance:TestNG.Ecommerce@6c40365c]" started-at="2019-06-25T07:40:35Z" name="beforeMethod" finished-at="2019-06-25T07:40:39Z" duration-ms="3688" status="PASS">
          <reporter-output>
          </reporter-output>
        </test-method> <!-- beforeMethod -->
        <test-method signature="Paytm()[pri:0, instance:TestNG.Ecommerce@6c40365c]" started-at="2019-06-25T07:40:39Z" name="Paytm" finished-at="2019-06-25T07:40:42Z" duration-ms="2730" status="PASS">
          <reporter-output>
          </reporter-output>
        </test-method> <!-- Paytm -->
        <test-method is-config="true" signature="afterMethod()[pri:0, instance:TestNG.Ecommerce@6c40365c]" started-at="2019-06-25T07:40:42Z" name="afterMethod" finished-at="2019-06-25T07:40:43Z" duration-ms="768" status="PASS">
          <reporter-output>
          </reporter-output>
        </test-method> <!-- afterMethod -->
        <test-method is-config="true" signature="beforeMethod()[pri:0, instance:TestNG.Ecommerce@6c40365c]" started-at="2019-06-25T07:40:43Z" name="beforeMethod" finished-at="2019-06-25T07:40:46Z" duration-ms="3775" status="PASS">
          <reporter-output>
          </reporter-output>
        </test-method> <!-- beforeMethod -->
        <test-method signature="Snapdeal()[pri:0, instance:TestNG.Ecommerce@6c40365c]" started-at="2019-06-25T07:40:46Z" name="Snapdeal" finished-at="2019-06-25T07:40:55Z" duration-ms="8535" status="PASS">
          <reporter-output>
          </reporter-output>
        </test-method> <!-- Snapdeal -->
        <test-method is-config="true" signature="afterMethod()[pri:0, instance:TestNG.Ecommerce@6c40365c]" started-at="2019-06-25T07:40:55Z" name="afterMethod" finished-at="2019-06-25T07:40:56Z" duration-ms="876" status="PASS">
          <reporter-output>
          </reporter-output>
        </test-method> <!-- afterMethod -->
      </class> <!-- TestNG.Ecommerce -->
    </test> <!-- Default test -->
  </suite> <!-- Default suite -->
</testng-results>
